<?xml version="1.0" encoding="UTF-8"?>
<!-- Generated by org.testng.reporters.JUnitReportReporter -->
<testsuite hostname="admin" name="Tests.TestPro" tests="1" failures="0" timestamp="28 Apr 2019 02:09:01 GMT" time="9.332" errors="0">
  <testcase name="invokbrowser" time="9.332" classname="Tests.TestPro"/>
</testsuite> <!-- Tests.TestPro -->
